I, [2022-11-06T00:24:02.897029 #20867]  INFO -- : {"rack.version"=>[1, 3], "rack.errors"=>#<Rack::Lint::ErrorWrapper:0x00007fbb18026630 @error=#<IO:<STDERR>>>, "rack.multithread"=>true, "rack.multiprocess"=>false, "rack.run_once"=>false, "SCRIPT_NAME"=>"", "QUERY_STRING"=>"", "SERVER_PROTOCOL"=>"HTTP/1.1", "SERVER_SOFTWARE"=>"puma 4.3.11 Mysterious Traveller", "GATEWAY_INTERFACE"=>"CGI/1.2", "REQUEST_METHOD"=>"GET", "REQUEST_PATH"=>"/tests/101", "REQUEST_URI"=>"/tests/101", "HTTP_VERSION"=>"HTTP/1.1", "HTTP_HOST"=>"localhost:9292", "HTTP_USER_AGENT"=>"curl/7.68.0", "HTTP_ACCEPT"=>"*/*", "puma.request_body_wait"=>0, "SERVER_NAME"=>"localhost", "SERVER_PORT"=>"9292", "PATH_INFO"=>"/tests/101", "REMOTE_ADDR"=>"127.0.0.1", "puma.socket"=>#<TCPSocket:fd 19, AF_INET, 127.0.0.1, 9292>, "rack.hijack?"=>true, "rack.hijack"=>#<Proc:0x00007fbb18026a40 /home/ivan/.rbenv/versions/3.0.2/lib/ruby/gems/3.0.0/gems/rack-2.2.3/lib/rack/lint.rb:567>, "rack.input"=>#<Rack::Lint::InputWrapper:0x00007fbb18026720 @input=#<Puma::NullIO:0x000055d0a964f6c0>>, "rack.url_scheme"=>"http", "rack.after_reply"=>[], "puma.config"=>#<Puma::Configuration:0x000055d0a97d5c38 @options=#<Puma::UserFileDefaultOptions:0x000055d0a97d5850 @user_options={:environment=>"development", :pid=>nil, :Port=>9292, :Host=>"localhost", :AccessLog=>[], :config=>"/home/ivan/Projects/thinknetica_simpler/config.ru", :log_requests=>false, :binds=>["tcp://localhost:9292"], :app=>#<Rack::ContentLength:0x000055d0a9231ed0 @app=#<Rack::CommonLogger:0x000055d0a9231fc0 @app=#<Rack::ShowExceptions:0x000055d0a91edb40 @app=#<Rack::Lint:0x000055d0a91edd20 @app=#<Rack::TempfileReaper:0x000055d0a91ee130 @app=#<Simpler::SimplerLogger:0x000055d0a9356860 @logger=#<Logger:0x000055d0a9356798 @level=0, @progname=nil, @default_formatter=#<Logger::Formatter:0x000055d0a9356658 @datetime_format=nil>, @formatter=nil, @logdev=#<Logger::LogDevice:0x000055d0a93564f0 @shift_period_suffix="%Y%m%d", @shift_size=1048576, @shift_age=0, @filename="/home/ivan/Projects/thinknetica_simpler/app/log/app.log", @dev=#<File:/home/ivan/Projects/thinknetica_simpler/app/log/app.log>, @binmode=false, @mon_data=#<Monitor:0x000055d0a9356400>, @mon_data_owner_object_id=800>>, @app=#<Rack::ContentType:0x000055d0a9356978 @app=#<Simpler::Application:0x000055d0a91d8ad8 @router=#<Simpler::Router:0x000055d0a91d89e8 @routes=[#<Simpler::Router::Route:0x000055d0a9133ab0 @method=:get, @path="/tests", @controller=TestsController, @action="index", @params={}>, #<Simpler::Router::Route:0x000055d0a9133768 @method=:post, @path="/tests", @controller=TestsController, @action="create", @params={}>, #<Simpler::Router::Route:0x000055d0a9133560 @method=:get, @path="/tests/:id", @controller=TestsController, @action="show", @params={}>]>, @db=#<Sequel::SQLite::Database: {"adapter"=>"sqlite", "database"=>#<Pathname:/home/ivan/Projects/thinknetica_simpler/db/test_guru.sqlite>}>>, @content_type="text/plain">>>, @content_length=nil>>, @logger=#<IO:<STDERR>>>>}, @file_options={}, @default_options={:min_threads=>0, :max_threads=>16, :log_requests=>false, :debug=>false, :binds=>["tcp://0.0.0.0:9292"], :workers=>0, :daemon=>false, :mode=>:http, :worker_timeout=>60, :worker_boot_timeout=>60, :worker_shutdown_timeout=>30, :remote_address=>:socket, :tag=>"thinknetica_simpler", :environment=>"development", :rackup=>"config.ru", :logger=>#<IO:<STDOUT>>, :persistent_timeout=>20, :first_data_timeout=>30, :raise_exception_on_sigterm=>true, :Verbose=>false, :Silent=>false}>, @plugins=#<Puma::PluginLoader:0x000055d0a97d5788 @instances=[]>, @user_dsl=#<Puma::DSL:0x000055d0a97d5698 @config=#<Puma::Configuration:0x000055d0a97d5c38 ...>, @options={:environment=>"development", :pid=>nil, :Port=>9292, :Host=>"localhost", :AccessLog=>[], :config=>"/home/ivan/Projects/thinknetica_simpler/config.ru", :log_requests=>false, :binds=>["tcp://localhost:9292"], :app=>#<Rack::ContentLength:0x000055d0a9231ed0 @app=#<Rack::CommonLogger:0x000055d0a9231fc0 @app=#<Rack::ShowExceptions:0x000055d0a91edb40 @app=#<Rack::Lint:0x000055d0a91edd20 @app=#<Rack::TempfileReaper:0x000055d0a91ee130 @app=#<Simpler::SimplerLogger:0x000055d0a9356860 @logger=#<Logger:0x000055d0a9356798 @level=0, @progname=nil, @default_formatter=#<Logger::Formatter:0x000055d0a9356658 @datetime_format=nil>, @formatter=nil, @logdev=#<Logger::LogDevice:0x000055d0a93564f0 @shift_period_suffix="%Y%m%d", @shift_size=1048576, @shift_age=0, @filename="/home/ivan/Projects/thinknetica_simpler/app/log/app.log", @dev=#<File:/home/ivan/Projects/thinknetica_simpler/app/log/app.log>, @binmode=false, @mon_data=#<Monitor:0x000055d0a9356400>, @mon_data_owner_object_id=800>>, @app=#<Rack::ContentType:0x000055d0a9356978 @app=#<Simpler::Application:0x000055d0a91d8ad8 @router=#<Simpler::Router:0x000055d0a91d89e8 @routes=[#<Simpler::Router::Route:0x000055d0a9133ab0 @method=:get, @path="/tests", @controller=TestsController, @action="index", @params={}>, #<Simpler::Router::Route:0x000055d0a9133768 @method=:post, @path="/tests", @controller=TestsController, @action="create", @params={}>, #<Simpler::Router::Route:0x000055d0a9133560 @method=:get, @path="/tests/:id", @controller=TestsController, @action="show", @params={}>]>, @db=#<Sequel::SQLite::Database: {"adapter"=>"sqlite", "database"=>#<Pathname:/home/ivan/Projects/thinknetica_simpler/db/test_guru.sqlite>}>>, @content_type="text/plain">>>, @content_length=nil>>, @logger=#<IO:<STDERR>>>>}, @plugins=[]>, @file_dsl=#<Puma::DSL:0x000055d0a97d55d0 @config=#<Puma::Configuration:0x000055d0a97d5c38 ...>, @options={}, @plugins=[]>, @default_dsl=#<Puma::DSL:0x000055d0a97d5530 @config=#<Puma::Configuration:0x000055d0a97d5c38 ...>, @options={:min_threads=>0, :max_threads=>16, :log_requests=>false, :debug=>false, :binds=>["tcp://0.0.0.0:9292"], :workers=>0, :daemon=>false, :mode=>:http, :worker_timeout=>60, :worker_boot_timeout=>60, :worker_shutdown_timeout=>30, :remote_address=>:socket, :tag=>"thinknetica_simpler", :environment=>"development", :rackup=>"config.ru", :logger=>#<IO:<STDOUT>>, :persistent_timeout=>20, :first_data_timeout=>30, :raise_exception_on_sigterm=>true, :Verbose=>false, :Silent=>false}, @plugins=[]>>, "rack.tempfiles"=>[]}
I, [2022-11-06T00:24:10.676038 #20867]  INFO -- : {"rack.version"=>[1, 3], "rack.errors"=>#<Rack::Lint::ErrorWrapper:0x00007fbb180b4368 @error=#<IO:<STDERR>>>, "rack.multithread"=>true, "rack.multiprocess"=>false, "rack.run_once"=>false, "SCRIPT_NAME"=>"", "QUERY_STRING"=>"", "SERVER_PROTOCOL"=>"HTTP/1.1", "SERVER_SOFTWARE"=>"puma 4.3.11 Mysterious Traveller", "GATEWAY_INTERFACE"=>"CGI/1.2", "REQUEST_METHOD"=>"GET", "REQUEST_PATH"=>"/tests/101", "REQUEST_URI"=>"/tests/101", "HTTP_VERSION"=>"HTTP/1.1", "HTTP_HOST"=>"localhost:9292", "HTTP_USER_AGENT"=>"curl/7.68.0", "HTTP_ACCEPT"=>"*/*", "puma.request_body_wait"=>0, "SERVER_NAME"=>"localhost", "SERVER_PORT"=>"9292", "PATH_INFO"=>"/tests/101", "REMOTE_ADDR"=>"127.0.0.1", "puma.socket"=>#<TCPSocket:fd 19, AF_INET, 127.0.0.1, 9292>, "rack.hijack?"=>true, "rack.hijack"=>#<Proc:0x00007fbb180b46d8 /home/ivan/.rbenv/versions/3.0.2/lib/ruby/gems/3.0.0/gems/rack-2.2.3/lib/rack/lint.rb:567>, "rack.input"=>#<Rack::Lint::InputWrapper:0x00007fbb180b4408 @input=#<Puma::NullIO:0x000055d0a964f6c0>>, "rack.url_scheme"=>"http", "rack.after_reply"=>[], "puma.config"=>#<Puma::Configuration:0x000055d0a97d5c38 @options=#<Puma::UserFileDefaultOptions:0x000055d0a97d5850 @user_options={:environment=>"development", :pid=>nil, :Port=>9292, :Host=>"localhost", :AccessLog=>[], :config=>"/home/ivan/Projects/thinknetica_simpler/config.ru", :log_requests=>false, :binds=>["tcp://localhost:9292"], :app=>#<Rack::ContentLength:0x000055d0a9231ed0 @app=#<Rack::CommonLogger:0x000055d0a9231fc0 @app=#<Rack::ShowExceptions:0x000055d0a91edb40 @app=#<Rack::Lint:0x000055d0a91edd20 @app=#<Rack::TempfileReaper:0x000055d0a91ee130 @app=#<Simpler::SimplerLogger:0x000055d0a9356860 @logger=#<Logger:0x000055d0a9356798 @level=0, @progname=nil, @default_formatter=#<Logger::Formatter:0x000055d0a9356658 @datetime_format=nil>, @formatter=nil, @logdev=#<Logger::LogDevice:0x000055d0a93564f0 @shift_period_suffix="%Y%m%d", @shift_size=1048576, @shift_age=0, @filename="/home/ivan/Projects/thinknetica_simpler/app/log/app.log", @dev=#<File:/home/ivan/Projects/thinknetica_simpler/app/log/app.log>, @binmode=false, @mon_data=#<Monitor:0x000055d0a9356400>, @mon_data_owner_object_id=800>>, @app=#<Rack::ContentType:0x000055d0a9356978 @app=#<Simpler::Application:0x000055d0a91d8ad8 @router=#<Simpler::Router:0x000055d0a91d89e8 @routes=[#<Simpler::Router::Route:0x000055d0a9133ab0 @method=:get, @path="/tests", @controller=TestsController, @action="index", @params={}>, #<Simpler::Router::Route:0x000055d0a9133768 @method=:post, @path="/tests", @controller=TestsController, @action="create", @params={}>, #<Simpler::Router::Route:0x000055d0a9133560 @method=:get, @path="/tests/:id", @controller=TestsController, @action="show", @params={":id"=>"101"}>]>, @db=#<Sequel::SQLite::Database: {"adapter"=>"sqlite", "database"=>#<Pathname:/home/ivan/Projects/thinknetica_simpler/db/test_guru.sqlite>}>>, @content_type="text/plain">>>, @content_length=nil>>, @logger=#<IO:<STDERR>>>>}, @file_options={}, @default_options={:min_threads=>0, :max_threads=>16, :log_requests=>false, :debug=>false, :binds=>["tcp://0.0.0.0:9292"], :workers=>0, :daemon=>false, :mode=>:http, :worker_timeout=>60, :worker_boot_timeout=>60, :worker_shutdown_timeout=>30, :remote_address=>:socket, :tag=>"thinknetica_simpler", :environment=>"development", :rackup=>"config.ru", :logger=>#<IO:<STDOUT>>, :persistent_timeout=>20, :first_data_timeout=>30, :raise_exception_on_sigterm=>true, :Verbose=>false, :Silent=>false}>, @plugins=#<Puma::PluginLoader:0x000055d0a97d5788 @instances=[]>, @user_dsl=#<Puma::DSL:0x000055d0a97d5698 @config=#<Puma::Configuration:0x000055d0a97d5c38 ...>, @options={:environment=>"development", :pid=>nil, :Port=>9292, :Host=>"localhost", :AccessLog=>[], :config=>"/home/ivan/Projects/thinknetica_simpler/config.ru", :log_requests=>false, :binds=>["tcp://localhost:9292"], :app=>#<Rack::ContentLength:0x000055d0a9231ed0 @app=#<Rack::CommonLogger:0x000055d0a9231fc0 @app=#<Rack::ShowExceptions:0x000055d0a91edb40 @app=#<Rack::Lint:0x000055d0a91edd20 @app=#<Rack::TempfileReaper:0x000055d0a91ee130 @app=#<Simpler::SimplerLogger:0x000055d0a9356860 @logger=#<Logger:0x000055d0a9356798 @level=0, @progname=nil, @default_formatter=#<Logger::Formatter:0x000055d0a9356658 @datetime_format=nil>, @formatter=nil, @logdev=#<Logger::LogDevice:0x000055d0a93564f0 @shift_period_suffix="%Y%m%d", @shift_size=1048576, @shift_age=0, @filename="/home/ivan/Projects/thinknetica_simpler/app/log/app.log", @dev=#<File:/home/ivan/Projects/thinknetica_simpler/app/log/app.log>, @binmode=false, @mon_data=#<Monitor:0x000055d0a9356400>, @mon_data_owner_object_id=800>>, @app=#<Rack::ContentType:0x000055d0a9356978 @app=#<Simpler::Application:0x000055d0a91d8ad8 @router=#<Simpler::Router:0x000055d0a91d89e8 @routes=[#<Simpler::Router::Route:0x000055d0a9133ab0 @method=:get, @path="/tests", @controller=TestsController, @action="index", @params={}>, #<Simpler::Router::Route:0x000055d0a9133768 @method=:post, @path="/tests", @controller=TestsController, @action="create", @params={}>, #<Simpler::Router::Route:0x000055d0a9133560 @method=:get, @path="/tests/:id", @controller=TestsController, @action="show", @params={":id"=>"101"}>]>, @db=#<Sequel::SQLite::Database: {"adapter"=>"sqlite", "database"=>#<Pathname:/home/ivan/Projects/thinknetica_simpler/db/test_guru.sqlite>}>>, @content_type="text/plain">>>, @content_length=nil>>, @logger=#<IO:<STDERR>>>>}, @plugins=[]>, @file_dsl=#<Puma::DSL:0x000055d0a97d55d0 @config=#<Puma::Configuration:0x000055d0a97d5c38 ...>, @options={}, @plugins=[]>, @default_dsl=#<Puma::DSL:0x000055d0a97d5530 @config=#<Puma::Configuration:0x000055d0a97d5c38 ...>, @options={:min_threads=>0, :max_threads=>16, :log_requests=>false, :debug=>false, :binds=>["tcp://0.0.0.0:9292"], :workers=>0, :daemon=>false, :mode=>:http, :worker_timeout=>60, :worker_boot_timeout=>60, :worker_shutdown_timeout=>30, :remote_address=>:socket, :tag=>"thinknetica_simpler", :environment=>"development", :rackup=>"config.ru", :logger=>#<IO:<STDOUT>>, :persistent_timeout=>20, :first_data_timeout=>30, :raise_exception_on_sigterm=>true, :Verbose=>false, :Silent=>false}, @plugins=[]>>, "rack.tempfiles"=>[]}
I, [2022-11-06T00:33:49.200555 #21008]  INFO -- : Request: GET /tests/101
I, [2022-11-06T14:37:27.593191 #21184]  INFO -- : Request: GET /tests/101
I, [2022-11-06T14:37:27.593302 #21184]  INFO -- : Handler: GET /tests/101
I, [2022-11-06T14:49:05.944988 #21223]  INFO -- : Request: GET /tests/111
I, [2022-11-06T14:51:49.708754 #21268]  INFO -- : Request: GET /tests/111
I, [2022-11-06T15:11:18.796036 #21341]  INFO -- : Request: GET /tests/111
I, [2022-11-06T15:11:18.800129 #21341]  INFO -- : Handler: tests#show
I, [2022-11-06T15:11:18.800192 #21341]  INFO -- : Parameters: 
I, [2022-11-06T15:11:18.800211 #21341]  INFO -- : Response: 200 text/html
I, [2022-11-06T15:11:33.053006 #21368]  INFO -- : Request: GET /tests/111
I, [2022-11-06T15:11:33.056920 #21368]  INFO -- : Handler: tests#show
I, [2022-11-06T15:11:33.057055 #21368]  INFO -- : Parameters: 
I, [2022-11-06T15:11:33.057079 #21368]  INFO -- : Response: 200 text/html
I, [2022-11-06T15:12:47.239625 #21368]  INFO -- : Request: GET /tests/111?category
I, [2022-11-06T15:12:47.240204 #21368]  INFO -- : Handler: tests#show
I, [2022-11-06T15:12:47.240235 #21368]  INFO -- : Parameters: category
I, [2022-11-06T15:12:47.240251 #21368]  INFO -- : Response: 200 text/html
I, [2022-11-06T15:13:15.122277 #21414]  INFO -- : Request: GET /tests/111?category
I, [2022-11-06T15:13:15.126893 #21414]  INFO -- : Handler: tests#show
I, [2022-11-06T15:13:15.126947 #21414]  INFO -- : Parameters: category
I, [2022-11-06T15:13:15.126964 #21414]  INFO -- : Response: 200 text/html
I, [2022-11-06T23:45:06.247550 #21909]  INFO -- : Request: GET /tests/111?category
I, [2022-11-06T23:45:06.251675 #21909]  INFO -- : Handler: tests#show
I, [2022-11-06T23:45:06.251724 #21909]  INFO -- : Parameters: category
I, [2022-11-06T23:45:06.251741 #21909]  INFO -- : Response: 200 text/html
I, [2022-11-07T00:05:11.076339 #22031]  INFO -- : Request: GET /tests/111?category
I, [2022-11-07T00:05:11.080328 #22031]  INFO -- : Handler: tests#show
I, [2022-11-07T00:05:11.080468 #22031]  INFO -- : Parameters: category
I, [2022-11-07T00:05:11.080492 #22031]  INFO -- : Response: 200 text/html 
I, [2022-11-07T00:05:39.805278 #22031]  INFO -- : Request: GET /tests/
I, [2022-11-07T00:05:39.805753 #22031]  INFO -- : Handler: tests#index
I, [2022-11-07T00:05:39.805798 #22031]  INFO -- : Parameters: 
I, [2022-11-07T00:05:39.805815 #22031]  INFO -- : Response: 200 text/html 
I, [2022-11-07T00:06:23.359217 #22083]  INFO -- : Request: GET /tests/
I, [2022-11-07T00:06:23.363952 #22083]  INFO -- : Handler: tests#index
I, [2022-11-07T00:06:23.364035 #22083]  INFO -- : Parameters: 
I, [2022-11-07T00:06:23.364071 #22083]  INFO -- : Response: 200 text/html 
I, [2022-11-07T00:08:33.182168 #22105]  INFO -- : Request: GET /tests/
I, [2022-11-07T00:08:33.186711 #22105]  INFO -- : Handler: tests#index
I, [2022-11-07T00:08:33.186754 #22105]  INFO -- : Parameters: 
I, [2022-11-07T00:08:33.186772 #22105]  INFO -- : Response: 200 text/html 
I, [2022-11-07T00:15:34.283404 #22150]  INFO -- : Request: GET /tests/
I, [2022-11-07T00:15:34.286988 #22150]  INFO -- : Handler: tests#index
I, [2022-11-07T00:15:34.287028 #22150]  INFO -- : Parameters: 
I, [2022-11-07T00:15:34.287046 #22150]  INFO -- : Response: 200 text/html tests/index.html.erb
I, [2022-11-07T00:16:00.832872 #22150]  INFO -- : Request: GET /tests/
I, [2022-11-07T00:16:00.833869 #22150]  INFO -- : Handler: tests#index
I, [2022-11-07T00:16:00.841726 #22150]  INFO -- : Parameters: 
I, [2022-11-07T00:16:00.841892 #22150]  INFO -- : Response: 200 text/html tests/index.html.erb
I, [2022-11-07T00:16:02.612521 #22150]  INFO -- : Request: GET /tests/
I, [2022-11-07T00:16:02.615226 #22150]  INFO -- : Handler: tests#index
I, [2022-11-07T00:16:02.615406 #22150]  INFO -- : Parameters: 
I, [2022-11-07T00:16:02.615497 #22150]  INFO -- : Response: 200 text/html tests/index.html.erb
